Adams, John Junior                       A  5178364554
Adams, John Quincy                       B+ 5178364455
Adams, Mark Brian John James             D- 7744221198
Adams-Jones, Peter Paul                  B  8643678412
Archer, Bill                             A- 1357258885
Archer, Bill                             A- 1357258896
Brown, Angela Cary                       B  1452768994
Brown, Angela Cary                       C  6678364554
Brown, Angela Cary                       C  7008004554
Brown, Janice Jane                       C  7008064554
Brown, Jonie Christine                   C  7008364504
Cedar-Oak, Brian                         A  1239874237
Chicken, Alfred James                    B+ 1032043056
Jones, Brian Frederick                   C+ 8643678410
Jones, Brian Frederick                   C+ 8643678413
Jones, Mark Michael                      A- 5172364554
Jones, Mark Michael                      C+ 8643678312
Jones, Patrick John Albert               C  8643678414
Jones-Adams, John Peter                  B  5178364553
Jones-Adams, Peter John                  A+ 5178322554
Jones-Adams, Peter John                  A+ 5178364544
Juniper, Jane Janice June                A- 2010305071
Juniper, Jane Janice June                B+ 2010305071
Milagro, Juanita Maria Josea Alejandra   A+ 7456312985
Smith, Alex Mable                        D  7008364554
Smith, Angela Cary                       B- 7008362354
Smith, Janice Jane                       C  4578364554
Smith, Joan Jet                          D- 5178888554
Smith, Jonie Christine                   B+ 7008664554
Smith, Patti Cary Angela                 D+ 7008364552
Smith-Smith, Albert Brian Colin          A- 5178377554
